\BOOKMARK [0][-]{chapter*.2}{\376\377\000A\000c\000k\000n\000o\000w\000l\000e\000d\000g\000e\000m\000e\000n\000t}{}% 1
\BOOKMARK [0][-]{chapter*.3}{\376\377\000A\000b\000s\000t\000r\000a\000c\000t}{}% 2
\BOOKMARK [0][-]{chapter*.4}{\376\377\000F\000i\000g\000u\000r\000e\000s}{}% 3
\BOOKMARK [0][-]{chapter*.5}{\376\377\000T\000a\000b\000l\000e\000s}{}% 4
\BOOKMARK [0][-]{chapter*.6}{\376\377\000L\000i\000s\000t\000\040\000o\000f\000\040\000A\000b\000r\000e\000v\000i\000a\000t\000i\000o\000n\000s}{}% 5
\BOOKMARK [0][-]{chapter*.7}{\376\377\000P\000u\000b\000l\000i\000c\000a\000t\000i\000o\000n\000s\000\040\000a\000n\000d\000\040\000o\000t\000h\000e\000r\000\040\000s\000c\000i\000e\000n\000t\000i\000f\000i\000c\000\040\000c\000o\000n\000t\000r\000i\000b\000u\000t\000i\000o\000n\000s}{}% 6
\BOOKMARK [0][-]{chapter.1}{\376\377\000G\000e\000n\000e\000r\000a\000l\000\040\000I\000n\000t\000r\000o\000d\000u\000c\000t\000i\000o\000n}{}% 7
\BOOKMARK [1][-]{section.1.1}{\376\377\000M\000o\000t\000i\000v\000a\000t\000i\000o\000n}{chapter.1}% 8
\BOOKMARK [1][-]{section.1.2}{\376\377\000O\000u\000t\000l\000i\000n\000e\000\040\000o\000f\000\040\000t\000h\000e\000\040\000t\000h\000e\000s\000i\000s}{chapter.1}% 9
\BOOKMARK [1][-]{section.1.3}{\376\377\000T\000h\000e\000o\000r\000e\000t\000i\000c\000a\000l\000\040\000B\000a\000c\000k\000g\000r\000o\000u\000n\000d\000\040\000a\000n\000d\000\040\000t\000e\000r\000m\000i\000n\000o\000l\000o\000g\000y}{chapter.1}% 10
\BOOKMARK [2][-]{subsection.1.3.1}{\376\377\000M\000a\000c\000h\000i\000n\000e\000\040\000l\000e\000a\000r\000n\000i\000n\000g}{section.1.3}% 11
\BOOKMARK [3][-]{subsubsection.1.3.1.1}{\376\377\000A\000p\000p\000l\000i\000c\000a\000t\000i\000o\000n\000s\000\040\000o\000n\000\040\000N\000e\000u\000r\000o\000s\000c\000i\000e\000n\000c\000e}{subsection.1.3.1}% 12
\BOOKMARK [2][-]{subsection.1.3.2}{\376\377\000A\000g\000e\000\040\000r\000e\000l\000a\000t\000e\000d\000\040\000r\000e\000o\000r\000g\000a\000n\000i\000z\000a\000t\000i\000o\000n\000\040\000o\000f\000\040\000t\000h\000e\000\040\000b\000r\000a\000i\000n}{section.1.3}% 13
\BOOKMARK [3][-]{subsubsection.1.3.2.1}{\376\377\000M\000a\000c\000h\000i\000n\000e\000\040\000L\000e\000a\000r\000n\000i\000n\000g\000\040\000u\000s\000a\000g\000e\000s\000\040\000i\000n\000\040\000a\000g\000i\000n\000g\000\040\000n\000e\000u\000r\000o\000s\000c\000i\000e\000n\000c\000e}{subsection.1.3.2}% 14
\BOOKMARK [1][-]{section.1.4}{\376\377\000A\000i\000m\000s\000\040\000a\000n\000d\000\040\000s\000c\000o\000p\000e}{chapter.1}% 15
\BOOKMARK [1][-]{section.1.5}{\376\377\000G\000e\000n\000e\000r\000a\000l\000\040\000m\000e\000t\000h\000o\000d\000o\000l\000o\000g\000y}{chapter.1}% 16
\BOOKMARK [0][-]{chapter.2}{\376\377\000P\000a\000p\000e\000r\000\040\0001}{}% 17
\BOOKMARK [0][-]{chapter.3}{\376\377\000P\000a\000p\000e\000r\000\040\0002}{}% 18
\BOOKMARK [0][-]{chapter.4}{\376\377\000P\000a\000p\000e\000r\000\040\0003}{}% 19
\BOOKMARK [0][-]{chapter.5}{\376\377\000P\000a\000p\000e\000r\000\040\0004}{}% 20
\BOOKMARK [0][-]{chapter.6}{\376\377\000G\000e\000n\000e\000r\000a\000l\000\040\000d\000i\000s\000c\000u\000s\000s\000i\000o\000n}{}% 21
